\BOOKMARK [0][-]{chapter.1}{Pr\351sentation du sujet}{}% 1
\BOOKMARK [1][-]{section.1.1}{Pr\351sentation du projet}{chapter.1}% 2
\BOOKMARK [0][-]{chapter.2}{Etude de l'existant et bibliographie}{}% 3
\BOOKMARK [1][-]{section.2.1}{El\351ments bibliographiques}{chapter.2}% 4
\BOOKMARK [2][-]{subsection.2.1.1}{EasyText}{section.2.1}% 5
\BOOKMARK [1][-]{section.2.2}{Etude de l'existant}{chapter.2}% 6
\BOOKMARK [2][-]{subsection.2.2.1}{Projet GAT-2}{section.2.2}% 7
\BOOKMARK [2][-]{subsection.2.2.2}{Syntox}{section.2.2}% 8
\BOOKMARK [0][-]{chapter.3}{Cahier des charges}{}% 9
\BOOKMARK [1][-]{section.3.1}{Sc\351narios d'utilisation}{chapter.3}% 10
\BOOKMARK [2][-]{subsection.3.1.1}{Sc\351narios utilisateur}{section.3.1}% 11
\BOOKMARK [2][-]{subsection.3.1.2}{Sc\351narios administrateur}{section.3.1}% 12
\BOOKMARK [1][-]{section.3.2}{Besoins fonctionnels}{chapter.3}% 13
\BOOKMARK [2][-]{subsection.3.2.1}{Besoins utilisateur}{section.3.2}% 14
\BOOKMARK [2][-]{subsection.3.2.2}{Besoins administrateur}{section.3.2}% 15
\BOOKMARK [2][-]{subsection.3.2.3}{Besoins syst\350me}{section.3.2}% 16
\BOOKMARK [1][-]{section.3.3}{Besoins non-fonctionnels}{chapter.3}% 17
\BOOKMARK [2][-]{subsection.3.3.1}{G\351n\351ration d'une entr\351e Syntox}{section.3.3}% 18
\BOOKMARK [2][-]{subsection.3.3.2}{Facilit\351 d'utilisation}{section.3.3}% 19
\BOOKMARK [2][-]{subsection.3.3.3}{Portabilit\351}{section.3.3}% 20
\BOOKMARK [2][-]{subsection.3.3.4}{Besoins relatifs aux bases de donn\351es utilis\351es}{section.3.3}% 21
\BOOKMARK [0][-]{chapter.4}{Algorithmique et structures de donn\351es}{}% 22
\BOOKMARK [0][-]{chapter.5}{Architecture}{}% 23
\BOOKMARK [1][-]{section.5.1}{Diagrammes et sch\351mas}{chapter.5}% 24
\BOOKMARK [2][-]{subsection.5.1.1}{Diagramme de cas d'utilisation}{section.5.1}% 25
\BOOKMARK [2][-]{subsection.5.1.2}{Sch\351mas de fonctionnement}{section.5.1}% 26
\BOOKMARK [2][-]{subsection.5.1.3}{Diagramme de s\351quence}{section.5.1}% 27
\BOOKMARK [1][-]{section.5.2}{Architecture}{chapter.5}% 28
\BOOKMARK [2][-]{subsection.5.2.1}{Diagramme de packages}{section.5.2}% 29
\BOOKMARK [2][-]{subsection.5.2.2}{Diagrammes de classes}{section.5.2}% 30
\BOOKMARK [2][-]{subsection.5.2.3}{Diagrammes de s\351quence}{section.5.2}% 31
\BOOKMARK [1][-]{section.5.3}{Justifications}{chapter.5}% 32
\BOOKMARK [0][-]{chapter.6}{Impl\351mentation}{}% 33
\BOOKMARK [1][-]{section.6.1}{Interface graphique}{chapter.6}% 34
\BOOKMARK [0][-]{chapter.7}{Tests et r\351sultats}{}% 35
\BOOKMARK [1][-]{section.7.1}{Tests}{chapter.7}% 36
\BOOKMARK [2][-]{subsection.7.1.1}{Base de donn\351es}{section.7.1}% 37
\BOOKMARK [2][-]{subsection.7.1.2}{Interface graphique}{section.7.1}% 38
\BOOKMARK [2][-]{subsection.7.1.3}{Interactions ext\351rieures}{section.7.1}% 39
\BOOKMARK [0][-]{chapter.8}{Produit final}{}% 40
\BOOKMARK [0][-]{chapter.9}{Conclusion}{}% 41
\BOOKMARK [0][-]{chapter.10}{Annexes}{}% 42
