This is pdfTeX, Version 3.1415926-1.40.10 (TeX Live 2009/Debian) (format=pdflatex 2012.10.31)  10 MAR 2013 12:12
entering extended mode
 %&-line parsing enabled.
**rapport_final_GAT.tex
(./rapport_final_GAT.tex
LaTeX2e <2009/09/24>
Babel <v3.8l> and hyphenation patterns for english, usenglishmax, dumylang, noh
yphenation, loaded.
(/usr/share/texmf-texlive/tex/latex/base/report.cls
Document Class: report 2007/10/19 v1.4h Standard LaTeX document class
(/usr/share/texmf-texlive/tex/latex/base/size12.clo
File: size12.clo 2007/10/19 v1.4h Standard LaTeX file (size option)
)
\c@part=\count79
\c@chapter=\count80
\c@section=\count81
\c@subsection=\count82
\c@subsubsection=\count83
\c@paragraph=\count84
\c@subparagraph=\count85
\c@figure=\count86
\c@table=\count87
\abovecaptionskip=\skip41
\belowcaptionskip=\skip42
\bibindent=\dimen102
)
(/usr/share/texmf-texlive/tex/generic/babel/babel.sty
Package: babel 2008/07/06 v3.8l The Babel package

(/usr/share/texmf-texlive/tex/generic/babel/frenchb.ldf
Language: frenchb 2009/03/16 v2.3d French support from the babel system

(/usr/share/texmf-texlive/tex/generic/babel/babel.def
File: babel.def 2008/07/06 v3.8l Babel common definitions
\babel@savecnt=\count88
\U@D=\dimen103
)

Package babel Warning: No hyphenation patterns were loaded for
(babel)                the language `French'
(babel)                I will use the patterns loaded for \language=0 instead.

\l@french = a dialect from \language0
Package babel Info: Making : an active character on input line 120.
Package babel Info: Making ; an active character on input line 121.
Package babel Info: Making ! an active character on input line 122.
Package babel Info: Making ? an active character on input line 123.
\FB@Mht=\dimen104
\std@mcc=\count89
\dec@mcc=\count90
\parindentFFN=\dimen105
*************************************
* Local config file frenchb.cfg used
*
(/usr/share/texmf-texlive/tex/generic/babel/frenchb.cfg)))
(/usr/share/texmf-texlive/tex/latex/carlisle/scalefnt.sty)
(/usr/share/texmf-texlive/tex/latex/graphics/keyval.sty
Package: keyval 1999/03/16 v1.13 key=value parser (DPC)
\KV@toks@=\toks14
)
(/usr/share/texmf-texlive/tex/latex/base/inputenc.sty
Package: inputenc 2008/03/30 v1.1d Input encoding file
\inpenc@prehook=\toks15
\inpenc@posthook=\toks16

(/usr/share/texmf-texlive/tex/latex/base/utf8.def
File: utf8.def 2008/04/05 v1.1m UTF-8 support for inputenc
Now handling font encoding OML ...
... no UTF-8 mapping file for font encoding OML
Now handling font encoding T1 ...
... processing UTF-8 mapping file for font encoding T1

(/usr/share/texmf-texlive/tex/latex/base/t1enc.dfu
File: t1enc.dfu 2008/04/05 v1.1m UTF-8 support for inputenc
   defining Unicode char U+00A1 (decimal 161)
   defining Unicode char U+00A3 (decimal 163)
   defining Unicode char U+00AB (decimal 171)
   defining Unicode char U+00BB (decimal 187)
   defining Unicode char U+00BF (decimal 191)
   defining Unicode char U+00C0 (decimal 192)
   defining Unicode char U+00C1 (decimal 193)
   defining Unicode char U+00C2 (decimal 194)
   defining Unicode char U+00C3 (decimal 195)
   defining Unicode char U+00C4 (decimal 196)
   defining Unicode char U+00C5 (decimal 197)
   defining Unicode char U+00C6 (decimal 198)
   defining Unicode char U+00C7 (decimal 199)
   defining Unicode char U+00C8 (decimal 200)
   defining Unicode char U+00C9 (decimal 201)
   defining Unicode char U+00CA (decimal 202)
   defining Unicode char U+00CB (decimal 203)
   defining Unicode char U+00CC (decimal 204)
   defining Unicode char U+00CD (decimal 205)
   defining Unicode char U+00CE (decimal 206)
   defining Unicode char U+00CF (decimal 207)
   defining Unicode char U+00D0 (decimal 208)
   defining Unicode char U+00D1 (decimal 209)
   defining Unicode char U+00D2 (decimal 210)
   defining Unicode char U+00D3 (decimal 211)
   defining Unicode char U+00D4 (decimal 212)
   defining Unicode char U+00D5 (decimal 213)
   defining Unicode char U+00D6 (decimal 214)
   defining Unicode char U+00D8 (decimal 216)
   defining Unicode char U+00D9 (decimal 217)
   defining Unicode char U+00DA (decimal 218)
   defining Unicode char U+00DB (decimal 219)
   defining Unicode char U+00DC (decimal 220)
   defining Unicode char U+00DD (decimal 221)
   defining Unicode char U+00DE (decimal 222)
   defining Unicode char U+00DF (decimal 223)
   defining Unicode char U+00E0 (decimal 224)
   defining Unicode char U+00E1 (decimal 225)
   defining Unicode char U+00E2 (decimal 226)
   defining Unicode char U+00E3 (decimal 227)
   defining Unicode char U+00E4 (decimal 228)
   defining Unicode char U+00E5 (decimal 229)
   defining Unicode char U+00E6 (decimal 230)
   defining Unicode char U+00E7 (decimal 231)
   defining Unicode char U+00E8 (decimal 232)
   defining Unicode char U+00E9 (decimal 233)
   defining Unicode char U+00EA (decimal 234)
   defining Unicode char U+00EB (decimal 235)
   defining Unicode char U+00EC (decimal 236)
   defining Unicode char U+00ED (decimal 237)
   defining Unicode char U+00EE (decimal 238)
   defining Unicode char U+00EF (decimal 239)
   defining Unicode char U+00F0 (decimal 240)
   defining Unicode char U+00F1 (decimal 241)
   defining Unicode char U+00F2 (decimal 242)
   defining Unicode char U+00F3 (decimal 243)
   defining Unicode char U+00F4 (decimal 244)
   defining Unicode char U+00F5 (decimal 245)
   defining Unicode char U+00F6 (decimal 246)
   defining Unicode char U+00F8 (decimal 248)
   defining Unicode char U+00F9 (decimal 249)
   defining Unicode char U+00FA (decimal 250)
   defining Unicode char U+00FB (decimal 251)
   defining Unicode char U+00FC (decimal 252)
   defining Unicode char U+00FD (decimal 253)
   defining Unicode char U+00FE (decimal 254)
   defining Unicode char U+00FF (decimal 255)
   defining Unicode char U+0102 (decimal 258)
   defining Unicode char U+0103 (decimal 259)
   defining Unicode char U+0104 (decimal 260)
   defining Unicode char U+0105 (decimal 261)
   defining Unicode char U+0106 (decimal 262)
   defining Unicode char U+0107 (decimal 263)
   defining Unicode char U+010C (decimal 268)
   defining Unicode char U+010D (decimal 269)
   defining Unicode char U+010E (decimal 270)
   defining Unicode char U+010F (decimal 271)
   defining Unicode char U+0110 (decimal 272)
   defining Unicode char U+0111 (decimal 273)
   defining Unicode char U+0118 (decimal 280)
   defining Unicode char U+0119 (decimal 281)
   defining Unicode char U+011A (decimal 282)
   defining Unicode char U+011B (decimal 283)
   defining Unicode char U+011E (decimal 286)
   defining Unicode char U+011F (decimal 287)
   defining Unicode char U+0130 (decimal 304)
   defining Unicode char U+0131 (decimal 305)
   defining Unicode char U+0132 (decimal 306)
   defining Unicode char U+0133 (decimal 307)
   defining Unicode char U+0139 (decimal 313)
   defining Unicode char U+013A (decimal 314)
   defining Unicode char U+013D (decimal 317)
   defining Unicode char U+013E (decimal 318)
   defining Unicode char U+0141 (decimal 321)
   defining Unicode char U+0142 (decimal 322)
   defining Unicode char U+0143 (decimal 323)
   defining Unicode char U+0144 (decimal 324)
   defining Unicode char U+0147 (decimal 327)
   defining Unicode char U+0148 (decimal 328)
   defining Unicode char U+014A (decimal 330)
   defining Unicode char U+014B (decimal 331)
   defining Unicode char U+0150 (decimal 336)
   defining Unicode char U+0151 (decimal 337)
   defining Unicode char U+0152 (decimal 338)
   defining Unicode char U+0153 (decimal 339)
   defining Unicode char U+0154 (decimal 340)
   defining Unicode char U+0155 (decimal 341)
   defining Unicode char U+0158 (decimal 344)
   defining Unicode char U+0159 (decimal 345)
   defining Unicode char U+015A (decimal 346)
   defining Unicode char U+015B (decimal 347)
   defining Unicode char U+015E (decimal 350)
   defining Unicode char U+015F (decimal 351)
   defining Unicode char U+0160 (decimal 352)
   defining Unicode char U+0161 (decimal 353)
   defining Unicode char U+0162 (decimal 354)
   defining Unicode char U+0163 (decimal 355)
   defining Unicode char U+0164 (decimal 356)
   defining Unicode char U+0165 (decimal 357)
   defining Unicode char U+016E (decimal 366)
   defining Unicode char U+016F (decimal 367)
   defining Unicode char U+0170 (decimal 368)
   defining Unicode char U+0171 (decimal 369)
   defining Unicode char U+0178 (decimal 376)
   defining Unicode char U+0179 (decimal 377)
   defining Unicode char U+017A (decimal 378)
   defining Unicode char U+017B (decimal 379)
   defining Unicode char U+017C (decimal 380)
   defining Unicode char U+017D (decimal 381)
   defining Unicode char U+017E (decimal 382)
   defining Unicode char U+200C (decimal 8204)
   defining Unicode char U+2013 (decimal 8211)
   defining Unicode char U+2014 (decimal 8212)
   defining Unicode char U+2018 (decimal 8216)
   defining Unicode char U+2019 (decimal 8217)
   defining Unicode char U+201A (decimal 8218)
   defining Unicode char U+201C (decimal 8220)
   defining Unicode char U+201D (decimal 8221)
   defining Unicode char U+201E (decimal 8222)
   defining Unicode char U+2030 (decimal 8240)
   defining Unicode char U+2031 (decimal 8241)
   defining Unicode char U+2039 (decimal 8249)
   defining Unicode char U+203A (decimal 8250)
   defining Unicode char U+2423 (decimal 9251)
)
Now handling font encoding OT1 ...
... processing UTF-8 mapping file for font encoding OT1

(/usr/share/texmf-texlive/tex/latex/base/ot1enc.dfu
File: ot1enc.dfu 2008/04/05 v1.1m UTF-8 support for inputenc
   defining Unicode char U+00A1 (decimal 161)
   defining Unicode char U+00A3 (decimal 163)
   defining Unicode char U+00B8 (decimal 184)
   defining Unicode char U+00BF (decimal 191)
   defining Unicode char U+00C5 (decimal 197)
   defining Unicode char U+00C6 (decimal 198)
   defining Unicode char U+00D8 (decimal 216)
   defining Unicode char U+00DF (decimal 223)
   defining Unicode char U+00E6 (decimal 230)
   defining Unicode char U+00EC (decimal 236)
   defining Unicode char U+00ED (decimal 237)
   defining Unicode char U+00EE (decimal 238)
   defining Unicode char U+00EF (decimal 239)
   defining Unicode char U+00F8 (decimal 248)
   defining Unicode char U+0131 (decimal 305)
   defining Unicode char U+0141 (decimal 321)
   defining Unicode char U+0142 (decimal 322)
   defining Unicode char U+0152 (decimal 338)
   defining Unicode char U+0153 (decimal 339)
   defining Unicode char U+2013 (decimal 8211)
   defining Unicode char U+2014 (decimal 8212)
   defining Unicode char U+2018 (decimal 8216)
   defining Unicode char U+2019 (decimal 8217)
   defining Unicode char U+201C (decimal 8220)
   defining Unicode char U+201D (decimal 8221)
)
Now handling font encoding OMS ...
... processing UTF-8 mapping file for font encoding OMS

(/usr/share/texmf-texlive/tex/latex/base/omsenc.dfu
File: omsenc.dfu 2008/04/05 v1.1m UTF-8 support for inputenc
   defining Unicode char U+00A7 (decimal 167)
   defining Unicode char U+00B6 (decimal 182)
   defining Unicode char U+00B7 (decimal 183)
   defining Unicode char U+2020 (decimal 8224)
   defining Unicode char U+2021 (decimal 8225)
   defining Unicode char U+2022 (decimal 8226)
)
Now handling font encoding OMX ...
... no UTF-8 mapping file for font encoding OMX
Now handling font encoding U ...
... no UTF-8 mapping file for font encoding U
   defining Unicode char U+00A9 (decimal 169)
   defining Unicode char U+00AA (decimal 170)
   defining Unicode char U+00AE (decimal 174)
   defining Unicode char U+00BA (decimal 186)
   defining Unicode char U+02C6 (decimal 710)
   defining Unicode char U+02DC (decimal 732)
   defining Unicode char U+200C (decimal 8204)
   defining Unicode char U+2026 (decimal 8230)
   defining Unicode char U+2122 (decimal 8482)
   defining Unicode char U+2423 (decimal 9251)
))
(/usr/share/texmf-texlive/tex/latex/graphics/graphicx.sty
Package: graphicx 1999/02/16 v1.0f Enhanced LaTeX Graphics (DPC,SPQR)

(/usr/share/texmf-texlive/tex/latex/graphics/graphics.sty
Package: graphics 2009/02/05 v1.0o Standard LaTeX Graphics (DPC,SPQR)

(/usr/share/texmf-texlive/tex/latex/graphics/trig.sty
Package: trig 1999/03/16 v1.09 sin cos tan (DPC)
)
(/etc/texmf/tex/latex/config/graphics.cfg
File: graphics.cfg 2009/08/28 v1.8 graphics configuration of TeX Live
)
Package graphics Info: Driver file: pdftex.def on input line 91.

(/usr/share/texmf-texlive/tex/latex/pdftex-def/pdftex.def
File: pdftex.def 2010/03/12 v0.04p Graphics/color for pdfTeX
\Gread@gobject=\count91
))
\Gin@req@height=\dimen106
\Gin@req@width=\dimen107
)
(/usr/share/texmf-texlive/tex/latex/caption/caption.sty
Package: caption 2009/10/09 v3.1k Customizing captions (AR)

(/usr/share/texmf-texlive/tex/latex/caption/caption3.sty
Package: caption3 2009/10/09 v3.1k caption3 kernel (AR)
\captionmargin=\dimen108
\captionmargin@=\dimen109
\captionwidth=\dimen110
\caption@indent=\dimen111
\caption@parindent=\dimen112
\caption@hangindent=\dimen113
)
\c@ContinuedFloat=\count92
)
(/usr/share/texmf-texlive/tex/latex/amsmath/amsmath.sty
Package: amsmath 2000/07/18 v2.13 AMS math features
\@mathmargin=\skip43

For additional information on amsmath, use the `?' option.
(/usr/share/texmf-texlive/tex/latex/amsmath/amstext.sty
Package: amstext 2000/06/29 v2.01

(/usr/share/texmf-texlive/tex/latex/amsmath/amsgen.sty
File: amsgen.sty 1999/11/30 v2.0
\@emptytoks=\toks17
\ex@=\dimen114
))
(/usr/share/texmf-texlive/tex/latex/amsmath/amsbsy.sty
Package: amsbsy 1999/11/29 v1.2d
\pmbraise@=\dimen115
)
(/usr/share/texmf-texlive/tex/latex/amsmath/amsopn.sty
Package: amsopn 1999/12/14 v2.01 operator names
)
\inf@bad=\count93
LaTeX Info: Redefining \frac on input line 211.
\uproot@=\count94
\leftroot@=\count95
LaTeX Info: Redefining \overline on input line 307.
\classnum@=\count96
\DOTSCASE@=\count97
LaTeX Info: Redefining \ldots on input line 379.
LaTeX Info: Redefining \dots on input line 382.
LaTeX Info: Redefining \cdots on input line 467.
\Mathstrutbox@=\box26
\strutbox@=\box27
\big@size=\dimen116
LaTeX Font Info:    Redeclaring font encoding OML on input line 567.
LaTeX Font Info:    Redeclaring font encoding OMS on input line 568.
\macc@depth=\count98
\c@MaxMatrixCols=\count99
\dotsspace@=\muskip10
\c@parentequation=\count100
\dspbrk@lvl=\count101
\tag@help=\toks18
\row@=\count102
\column@=\count103
\maxfields@=\count104
\andhelp@=\toks19
\eqnshift@=\dimen117
\alignsep@=\dimen118
\tagshift@=\dimen119
\tagwidth@=\dimen120
\totwidth@=\dimen121
\lineht@=\dimen122
\@envbody=\toks20
\multlinegap=\skip44
\multlinetaggap=\skip45
\mathdisplay@stack=\toks21
LaTeX Info: Redefining \[ on input line 2666.
LaTeX Info: Redefining \] on input line 2667.
)
(/usr/share/texmf-texlive/tex/latex/placeins/placeins.sty
Package: placeins 2005/04/18  v 2.2
)
No file rapport_final_GAT.aux.
\openout1 = `rapport_final_GAT.aux'.

LaTeX Font Info:    Checking defaults for OML/cmm/m/it on input line 14.
LaTeX Font Info:    ... okay on input line 14.
LaTeX Font Info:    Checking defaults for T1/cmr/m/n on input line 14.
LaTeX Font Info:    ... okay on input line 14.
LaTeX Font Info:    Checking defaults for OT1/cmr/m/n on input line 14.
LaTeX Font Info:    ... okay on input line 14.
LaTeX Font Info:    Checking defaults for OMS/cmsy/m/n on input line 14.
LaTeX Font Info:    ... okay on input line 14.
LaTeX Font Info:    Checking defaults for OMX/cmex/m/n on input line 14.
LaTeX Font Info:    ... okay on input line 14.
LaTeX Font Info:    Checking defaults for U/cmr/m/n on input line 14.
LaTeX Font Info:    ... okay on input line 14.
LaTeX Info: Redefining \degres on input line 14.
LaTeX Info: Redefining \dots on input line 14.
LaTeX Info: Redefining \up on input line 14.

Package frenchb.ldf Warning: OT1 encoding should not be used for French. 
(frenchb.ldf)                Add \usepackage[T1]{fontenc} to the preamble
(frenchb.ldf)                of your document, on input line 14.

(/usr/share/texmf-texlive/tex/context/base/supp-pdf.mkii
[Loading MPS to PDF converter (version 2006.09.02).]
\scratchcounter=\count105
\scratchdimen=\dimen123
\scratchbox=\box28
\nofMPsegments=\count106
\nofMParguments=\count107
\everyMPshowfont=\toks22
\MPscratchCnt=\count108
\MPscratchDim=\dimen124
\MPnumerator=\count109
\everyMPtoPDFconversion=\toks23
)
Package caption Info: Begin \AtBeginDocument code.
Package caption Info: End \AtBeginDocument code.
 [1

{/var/lib/texmf/fonts/map/pdftex/updmap/pdftex.map}]
No file rapport_final_GAT.toc.
\tf@toc=\write3
\openout3 = `rapport_final_GAT.toc'.

[1

]
Chapitre 1.
[2

] <Reussir_graphe.png, id=16, 347.79938pt x 207.02344pt>
File: Reussir_graphe.png Graphic file (type png)

<use Reussir_graphe.png> [3] [4 <./Reussir_graphe.png (PNG copy)>]
Chapitre 2.

LaTeX Warning: Citation `Bat93' on page 5 undefined on input line 129.


LaTeX Warning: Citation `Dan00' on page 5 undefined on input line 133.

[5

]

LaTeX Warning: Citation `Dan11' on page 6 undefined on input line 136.


LaTeX Warning: Citation `Dan10' on page 6 undefined on input line 138.


LaTeX Warning: Citation `GAT2' on page 6 undefined on input line 151.

[6]

LaTeX Warning: Citation `Clem12' on page 7 undefined on input line 158.

[7]
Chapitre 3.
[8

]
Overfull \hbox (0.60089pt too wide) in paragraph at lines 229--230
[]\OT1/cmr/m/n/12 Lors de la cr^^Seation d'un nou-veau sc^^Senario, les diff^^S
erents con-cepts seront s^^Selectionn^^Ses
 []

[9] [10] [11]
Overfull \hbox (0.10922pt too wide) in paragraph at lines 323--324
[]\OT1/cmr/m/n/12 Afin d'^etre con-forme aux sp^^Secifications fournies par le 
client, le logi-ciel de-vra r^^Sepondre
 []

[12] [13] <Diagramme1.png, id=53, 550.055pt x 256.96pt>
File: Diagramme1.png Graphic file (type png)
 <use Diagramme1.png>
Overfull \hbox (10.7639pt too wide) in paragraph at lines 404--405
[][] 
 []

<FonctionnementUtilisateur.png, id=54, 678.535pt x 1462.46375pt>
File: FonctionnementUtilisateur.png Graphic file (type png)

<use FonctionnementUtilisateur.png> [14 <./Diagramme1.png (PNG copy)>]
Overfull \vbox (112.53043pt too high) has occurred while \output is active []


[15 <./FonctionnementUtilisateur.png (PNG copy)>]
<FonctionnementAdministrateur.png, id=61, 675.52374pt x 1456.44125pt>
File: FonctionnementAdministrateur.png Graphic file (type png)

<use FonctionnementAdministrateur.png>
Overfull \vbox (87.57033pt too high) has occurred while \output is active []


[16 <./FonctionnementAdministrateur.png (PNG copy)>]
<diasequence2.png, id=65, 832.10875pt x 455.7025pt>
File: diasequence2.png Graphic file (type png)
 <use diasequence2.png>
[17 <./diasequence2.png (PNG copy)>]
<IHM_1a.png, id=69, 462.0462pt x 359.9046pt>
File: IHM_1a.png Graphic file (type png)
 <use IHM_1a.png>
<IHM_6a.png, id=70, 460.119pt x 348.8232pt>
File: IHM_6a.png Graphic file (type png)
 <use IHM_6a.png>
<IHM_2a.png, id=71, 462.528pt x 364.2408pt>
File: IHM_2a.png Graphic file (type png)
 <use IHM_2a.png>
<IHM_2b.png, id=72, 458.1918pt x 359.4228pt>
File: IHM_2b.png Graphic file (type png)
 <use IHM_2b.png>
<IHM_4b.png, id=73, 474.0912pt x 365.6862pt>
File: IHM_4b.png Graphic file (type png)
 <use IHM_4b.png>
<IHM_6b.png, id=75, 471.2004pt x 370.0224pt>
File: IHM_6b.png Graphic file (type png)
 <use IHM_6b.png>
<IHM_5b.png, id=76, 459.1554pt x 360.3864pt>
File: IHM_5b.png Graphic file (type png)
 <use IHM_5b.png>
<IHM_4a.png, id=77, 461.0826pt x 362.3136pt>
File: IHM_4a.png Graphic file (type png)
 <use IHM_4a.png>
<IHM_3a.png, id=78, 469.755pt x 358.4592pt>
File: IHM_3a.png Graphic file (type png)
 <use IHM_3a.png>
<IHM_3b.png, id=79, 460.119pt x 346.4142pt>
File: IHM_3b.png Graphic file (type png)
 <use IHM_3b.png>
<IHM_5a.png, id=80, 460.6008pt x 362.3136pt>
File: IHM_5a.png Graphic file (type png)
 <use IHM_5a.png>
<Generation.png, id=81, 903.375pt x 698.61pt>
File: Generation.png Graphic file (type png)
 <use Generation.png>
<GANTT.png, id=82, 440.847pt x 619.5948pt>
File: GANTT.png Graphic file (type png)
 <use GANTT.png>

LaTeX Warning: Float too large for page by 38.68777pt on input line 534.

[18] [19 <./IHM_1a.png (PNG copy)> <./IHM_6a.png (PNG copy)>] [20 <./IHM_2a.png
 (PNG copy)> <./IHM_2b.png (PNG copy)>] [21 <./IHM_4b.png> <./IHM_6b.png (PNG c
opy)>] [22 <./IHM_5b.png (PNG copy)> <./IHM_4a.png (PNG copy)>] [23 <./IHM_3a.p
ng (PNG copy)> <./IHM_3b.png (PNG copy)>] [24 <./IHM_5a.png (PNG copy)> <./Gene
ration.png (PNG copy)>] [25 <./GANTT.png>]
Chapitre 4.
[26

]
Chapitre 5.
<DiagPackages.png, id=115, 568.1225pt x 1006.76125pt>
File: DiagPackages.png Graphic file (type png)
 <use DiagPackages.png>

LaTeX Warning: `!h' float specifier changed to `!ht'.

<DiagLinguistique.png, id=116, 2546.51375pt x 1182.4175pt>
File: DiagLinguistique.png Graphic file (type png)

<use DiagLinguistique.png>
Overfull \hbox (826.34828pt too wide) in paragraph at lines 561--562
 [] 
 []


LaTeX Warning: Float too large for page by 24.30179pt on input line 564.


LaTeX Warning: `!h' float specifier changed to `!ht'.

<DiagStructurel.png, id=117, 481.8pt x 313.17pt>
File: DiagStructurel.png Graphic file (type png)
 <use DiagStructurel.png>

LaTeX Warning: `!h' float specifier changed to `!ht'.

<DiagBD.png, id=118, 656.4525pt x 416.55624pt>
File: DiagBD.png Graphic file (type png)
 <use DiagBD.png>

LaTeX Warning: `!h' float specifier changed to `!ht'.

<DiagStockage.png, id=119, 326.21875pt x 360.34625pt>
File: DiagStockage.png Graphic file (type png)
 <use DiagStockage.png>

LaTeX Warning: `!h' float specifier changed to `!ht'.

<DiagSyntox.png, id=120, 649.42625pt x 281.05pt>
File: DiagSyntox.png Graphic file (type png)
 <use DiagSyntox.png>

LaTeX Warning: `!h' float specifier changed to `!ht'.

[27

] [28 <./DiagPackages.png (PNG copy)>] [29 <./DiagLinguistique.png (PNG copy)>]
 [30 <./DiagStructurel.png (PNG copy)> <./DiagBD.png (PNG copy)>] [31 <./DiagSt
ockage.png (PNG copy)> <./DiagSyntox.png (PNG copy)>]
<DiagSeq.png, id=137, 916.42375pt x 1530.71875pt>
File: DiagSeq.png Graphic file (type png)
 <use DiagSeq.png>
<DiagSeq2.png, id=138, 916.42375pt x 1530.71875pt>
File: DiagSeq2.png Graphic file (type png)
 <use DiagSeq2.png>

LaTeX Warning: `!h' float specifier changed to `!ht'.

<DiagSeq3.png, id=139, 953.68059pt x 1187.4953pt>
File: DiagSeq3.png Graphic file (type png)
 <use DiagSeq3.png>

LaTeX Warning: `!h' float specifier changed to `!ht'.

[32

 <./DiagSeq.png (PNG copy)>] [33 <./DiagSeq2.png (PNG copy)>] [34 <./DiagSeq3.p
ng (PNG copy)>] [35

] [36]
Chapitre 6.
[37

]
Chapitre 7.
[38

]
Chapitre 8.
[39

]
Chapitre 9.
[40

] (./rapport_final_GAT.aux)

LaTeX Warning: There were undefined references.

 ) 
Here is how much of TeX's memory you used:
 3497 strings out of 495061
 48543 string characters out of 1182620
 117560 words of memory out of 3000000
 6636 multiletter control sequences out of 15000+50000
 9822 words of font info for 35 fonts, out of 3000000 for 9000
 28 hyphenation exceptions out of 8191
 36i,10n,38p,1696b,315s stack positions out of 5000i,500n,10000p,200000b,50000s
</usr/share/texmf-texlive/fonts/type1/public/amsfonts/cm/cmbx12.pfb></usr/sha
re/texmf-texlive/fonts/type1/public/amsfonts/cm/cmcsc10.pfb></usr/share/texmf-t
exlive/fonts/type1/public/amsfonts/cm/cmex10.pfb></usr/share/texmf-texlive/font
s/type1/public/amsfonts/cm/cmmi12.pfb></usr/share/texmf-texlive/fonts/type1/pub
lic/amsfonts/cm/cmr12.pfb></usr/share/texmf-texlive/fonts/type1/public/amsfonts
/cm/cmr17.pfb></usr/share/texmf-texlive/fonts/type1/public/amsfonts/cm/cmti12.p
fb>
Output written on rapport_final_GAT.pdf (41 pages, 2952620 bytes).
PDF statistics:
 193 PDF objects out of 1000 (max. 8388607)
 0 named destinations out of 1000 (max. 500000)
 136 words of extra memory for PDF output out of 10000 (max. 10000000)

